/usr/bin/make all --print-data-base --no-builtin-variables --no-builtin-rules --question
# GNU Make 4.2.1
# Built for x86_64-pc-linux-gnu
# Copyright (C) 1988-2016 Free Software Foundation, Inc.
# License GPLv3+: GNU GPL version 3 or later <http://gnu.org/licenses/gpl.html>
# This is free software: you are free to change and redistribute it.
# There is NO WARRANTY, to the extent permitted by law.

# Make data base, printed on Mon Nov 29 19:23:14 2021

# Variables

# automatic
<D = $(patsubst %/,%,$(dir $<))
# automatic
?F = $(notdir $?)
# makefile (from 'Makefile', line 11)
SDW_SOURCE_FILES := ./libs/sdw/CanvasTriangle.cpp ./libs/sdw/Colour.cpp ./libs/sdw/Utils.cpp ./libs/sdw/RayTriangleIntersection.cpp ./libs/sdw/TextureMap.cpp ./libs/sdw/TexturePoint.cpp ./libs/sdw/DrawingWindow.cpp ./libs/sdw/ModelTriangle.cpp ./libs/sdw/CanvasPoint.cpp
# environment
PAPERSIZE = a4
# environment
DESKTOP_SESSION = pantheon
# makefile (from 'Makefile', line 18)
FUSSY_OPTIONS := -Werror -pedantic
# default
.SHELLFLAGS := -c
# environment
XDG_SESSION_CLASS = user
# environment
XDG_SESSION_TYPE = x11
# environment
VSCODE_LOG_NATIVE = false
# automatic
?D = $(patsubst %/,%,$(dir $?))
# automatic
@D = $(patsubst %/,%,$(dir $@))
# environment
XAUTHORITY = /home/jakehughes/.Xauthority
# environment
GDMSESSION = pantheon
# environment
XMODIFIERS = @im=ibus
# makefile
CURDIR := /home/jakehughes/Desktop/CGCW
# makefile
SHELL = /bin/sh
# environment
GDM_LANG = en_GB
# environment
VSCODE_NLS_CONFIG = {"locale":"en-gb","availableLanguages":{},"_languagePackSupport":true}
# environment
_ = /usr/share/code/code
# makefile (from 'Makefile', line 17)
DEBUG_OPTIONS := -ggdb -g3
# makefile (from 'Makefile', line 24)
SDW_COMPILER_FLAGS := -I./libs/sdw/
# environment
XDG_CONFIG_DIRS = /etc/xdg/xdg-pantheon:/etc/xdg
# makefile (from 'Makefile', line 1)
MAKEFILE_LIST :=  Makefile
# automatic
@F = $(notdir $@)
# environment
GIO_LAUNCHED_DESKTOP_FILE = /usr/share/applications/code.desktop
# 'override' directive
GNUMAKEFLAGS := 
# environment
MAKELEVEL := 0
# environment
MANDATORY_PATH = /usr/share/gconf/pantheon.mandatory.path
# environment
XDG_DATA_DIRS = /usr/share/gnome:/usr/share/pantheon:/home/jakehughes/.local/share/flatpak/exports/share:/var/lib/flatpak/exports/share:/usr/local/share:/usr/share:/var/lib/snapd/desktop
# environment
DBUS_SESSION_BUS_ADDRESS = unix:path=/run/user/1000/bus
# environment
VSCODE_VERBOSE_LOGGING = true
# 'override' directive
.SHELLSTATUS := 0
# environment
LESSOPEN = | /usr/bin/lesspipe %s
# environment
LC_NAME = en_GB.UTF-8
# environment
VSCODE_CWD = /home/jakehughes
# environment
QT_STYLE_OVERRIDE = adwaita
# environment
XDG_SESSION_PATH = /org/freedesktop/DisplayManager/Session0
# environment
GSETTINGS_SCHEMA_DIR = /home/jakehughes/data
# default
MAKE_HOST := x86_64-pc-linux-gnu
# environment
PATH = /usr/local/sbin:/usr/local/bin:/usr/sbin:/usr/bin:/sbin:/bin:/usr/games:/usr/local/games:/snap/bin
# makefile (from 'Makefile', line 32)
SDW_LINKER_FLAGS :=  build/CanvasTriangle.o  build/Colour.o  build/Utils.o  build/RayTriangleIntersection.o  build/TextureMap.o  build/TexturePoint.o  build/DrawingWindow.o  build/ModelTriangle.o  build/CanvasPoint.o
# makefile (from 'Makefile', line 28)
SDL_COMPILER_FLAGS := -I/usr/include/SDL2 -D_REENTRANT
# environment
GPG_AGENT_INFO = /run/user/1000/gnupg/S.gpg-agent:0:1
# environment
SESSION_MANAGER = local/JHInspiron:@/tmp/.ICE-unix/1409,unix/JHInspiron:/tmp/.ICE-unix/1409
# environment
XDG_RUNTIME_DIR = /run/user/1000
# makefile (from 'Makefile', line 25)
GLM_COMPILER_FLAGS := -I./libs/glm-0.9.7.2/
# environment
XDG_MENU_PREFIX = gnome-
# environment
VSCODE_LOG_STACK = false
# environment
VSCODE_CRASH_REPORTER_START_OPTIONS = {"companyName":"Microsoft","productName":"VSCode","submitURL":"appcenter://code?aid=fba07a4d-84bd-4fc8-a125-9640fc8ce171&uid=1646ba68-68a3-4fff-967e-2d79899a7a65&iid=1646ba68-68a3-4fff-967e-2d79899a7a65&sid=1646ba68-68a3-4fff-967e-2d79899a7a65","uploadToServer":true}
# default
.FEATURES := target-specific order-only second-expansion else-if shortest-stem undefine oneshell archives jobserver output-sync check-symlink load
# environment
XDG_GREETER_DATA_DIR = /var/lib/lightdm-data/jakehughes
# environment
LS_COLORS = 
# environment
XDG_SESSION_DESKTOP = pantheon
# environment
SSH_AUTH_SOCK = /run/user/1000/keyring/ssh
# environment
GIO_LAUNCHED_DESKTOP_FILE_PID = 5532
# automatic
%F = $(notdir $%)
# environment
DISPLAY = :0
# makefile (from 'Makefile', line 19)
SANITIZER_OPTIONS := -O1 -fsanitize=undefined -fsanitize=address -fno-omit-frame-pointer
# environment
VSCODE_PIPE_LOGGING = true
# environment
PWD = /home/jakehughes/Desktop/CGCW
# environment
QT_QPA_PLATFORMTHEME = gtk3
# default
.LOADED := 
# environment
SSH_AGENT_PID = 1520
# environment
ORIGINAL_XDG_CURRENT_DESKTOP = Pantheon
# environment
GTK_MODULES = gail:atk-bridge
# environment
VSCODE_AMD_ENTRYPOINT = vs/workbench/services/extensions/node/extensionHostProcess
# environment
HOME = /home/jakehughes
# environment
LESSCLOSE = /usr/bin/lesspipe %s %s
# environment
VSCODE_CODE_CACHE_PATH = /home/jakehughes/.config/Code/CachedData/ccbaa2d27e38e5afa3e5c21c1c7bef4657064247
# environment
LOGNAME = jakehughes
# environment
APPLICATION_INSIGHTS_NO_DIAGNOSTIC_CHANNEL = true
# automatic
+F = $(notdir $+)
# environment
VSCODE_HANDLES_UNCAUGHT_ERRORS = true
# environment
GNOME_DESKTOP_SESSION_ID = this-is-deprecated
# automatic
^D = $(patsubst %/,%,$(dir $^))
# environment
LC_TIME = en_GB.UTF-8
# default
MAKE = $(MAKE_COMMAND)
# default
MAKECMDGOALS := all
# environment
QT_IM_MODULE = ibus
# environment
SHLVL = 0
# makefile (from 'Makefile', line 7)
OBJECT_FILE := build/Wireframes.o
# makefile (from 'Makefile', line 3)
BUILD_DIR := build
# environment
VSCODE_IPC_HOOK_EXTHOST = /run/user/1000/vscode-ipc-161074f7-7008-49ee-ac90-ab8d76cfd07e.sock
# default
MAKE_VERSION := 4.2.1
# environment
USER = jakehughes
# environment
LC_MONETARY = en_GB.UTF-8
# makefile
.DEFAULT_GOAL := default
# environment
XDG_CURRENT_DESKTOP = Unity
# makefile (from 'Makefile', line 21)
LINKER_OPTIONS := 
# automatic
%D = $(patsubst %/,%,$(dir $%))
# makefile (from 'Makefile', line 9)
SDW_DIR := ./libs/sdw/
# environment
LC_TELEPHONE = en_GB.UTF-8
# default
MAKE_COMMAND := /usr/bin/make
# default
.VARIABLES := 
# automatic
*F = $(notdir $*)
# environment
LANGUAGE = en_GB
# environment
XDG_SEAT_PATH = /org/freedesktop/DisplayManager/Seat0
# environment
VSCODE_IPC_HOOK = /run/user/1000/vscode-f4e6f3d3-1.62.3-main.sock
# makefile
MAKEFLAGS = pqrR
# environment
MFLAGS = -pqrR
# automatic
*D = $(patsubst %/,%,$(dir $*))
# environment
BREAKPAD_DUMP_LOCATION = /home/jakehughes/.config/Code/exthost Crash Reports
# makefile (from 'Makefile', line 16)
COMPILER_OPTIONS := -c -pipe -Wall -std=c++11 
# automatic
+D = $(patsubst %/,%,$(dir $+))
# environment
GDK_BACKEND = x11
# environment
LC_PAPER = en_GB.UTF-8
# makefile (from 'Makefile', line 31)
SDL_LINKER_FLAGS := -lSDL2
# environment
QT_ACCESSIBILITY = 1
# environment
DEFAULTS_PATH = /usr/share/gconf/pantheon.default.path
# makefile (from 'Makefile', line 15)
COMPILER := clang++
# default
MAKEFILES := 
# environment
LC_NUMERIC = en_GB.UTF-8
# automatic
<F = $(notdir $<)
# makefile (from 'Makefile', line 8)
EXECUTABLE := build/Wireframes
# environment
ELECTRON_RUN_AS_NODE = 1
# makefile (from 'Makefile', line 20)
SPEEDY_OPTIONS := -Ofast -funsafe-math-optimizations -march=native
# makefile (from 'Makefile', line 1)
PROJECT_NAME := Wireframes
# environment
LC_MEASUREMENT = en_GB.UTF-8
# makefile (from 'Makefile', line 10)
GLM_DIR := ./libs/glm-0.9.7.2/
# environment
LC_ALL = C
# automatic
^F = $(notdir $^)
# default
SUFFIXES := 
# environment
CHROME_DESKTOP = code-url-handler.desktop
# makefile (from 'Makefile', line 6)
SOURCE_FILE := src/Wireframes.cpp
# default
.INCLUDE_DIRS = /usr/include /usr/local/include /usr/include
# environment
LC_IDENTIFICATION = en_GB.UTF-8
# makefile (from 'Makefile', line 12)
SDW_OBJECT_FILES :=  build/CanvasTriangle.o  build/Colour.o  build/Utils.o  build/RayTriangleIntersection.o  build/TextureMap.o  build/TexturePoint.o  build/DrawingWindow.o  build/ModelTriangle.o  build/CanvasPoint.o
# default
.RECIPEPREFIX := 
# environment
LC_ADDRESS = en_GB.UTF-8
# environment
LANG = C
# environment
VSCODE_PID = 5532
# variable set hash-table stats:
# Load=132/1024=13%, Rehash=0, Collisions=14/182=8%

# Pattern-specific Variable Values

# No pattern-specific variable values.

# Directories

# . (device 66313, inode 2756236): 15 files, no impossibilities.
# ./libs/sdw (device 66313, inode 2756733): 20 files, no impossibilities.
# libs/sdw (device 66313, inode 2756733): 20 files, no impossibilities.

# 55 files, no impossibilities in 3 directories.

# Implicit Rules

build/%.o: libs/sdw/%.cpp
 
make: *** No rule to make target 'all'.  Stop.
 
#  recipe to execute (from 'Makefile', line 63):
	@mkdir -p $(BUILD_DIR)
	$(COMPILER) $(COMPILER_OPTIONS) -c -o $@ $^ $(SDL_COMPILER_FLAGS) $(GLM_COMPILER_FLAGS)

# 1 implicit rules, 0 (0.0%) terminal.

# Files

# Not a target:
build/CanvasPoint.o:
#  Implicit rule search has not been done.
#  Modification time never checked.
#  File has not been updated.

# Not a target:
all:
#  Command line target.
#  Implicit rule search has been done.
#  File does not exist.
#  File has not been updated.

# Not a target:
build/CanvasTriangle.o:
#  Implicit rule search has not been done.
#  Modification time never checked.
#  File has not been updated.

# Not a target:
Makefile:
#  Implicit rule search has been done.
#  Last modified 2021-10-29 18:05:27.615879
#  File has been updated.
#  Successfully updated.

debug: build/CanvasTriangle.o build/Colour.o build/Utils.o build/RayTriangleIntersection.o build/TextureMap.o build/TexturePoint.o build/DrawingWindow.o build/ModelTriangle.o build/CanvasPoint.o
#  Implicit rule search has not been done.
#  Modification time never checked.
#  File has not been updated.
#  recipe to execute (from 'Makefile', line 38):
	$(COMPILER) $(COMPILER_OPTIONS) $(DEBUG_OPTIONS) -o $(OBJECT_FILE) $(SOURCE_FILE) $(SDL_COMPILER_FLAGS) $(SDW_COMPILER_FLAGS) $(GLM_COMPILER_FLAGS)
	$(COMPILER) $(LINKER_OPTIONS) $(DEBUG_OPTIONS) -o $(EXECUTABLE) $(OBJECT_FILE) $(SDW_LINKER_FLAGS) $(SDL_LINKER_FLAGS)
	./$(EXECUTABLE)

speedy: build/CanvasTriangle.o build/Colour.o build/Utils.o build/RayTriangleIntersection.o build/TextureMap.o build/TexturePoint.o build/DrawingWindow.o build/ModelTriangle.o build/CanvasPoint.o
#  Implicit rule search has not been done.
#  Modification time never checked.
#  File has not been updated.
#  recipe to execute (from 'Makefile', line 51):
	$(COMPILER) $(COMPILER_OPTIONS) $(SPEEDY_OPTIONS) -o $(OBJECT_FILE) $(SOURCE_FILE) $(SDL_COMPILER_FLAGS) $(SDW_COMPILER_FLAGS) $(GLM_COMPILER_FLAGS)
	$(COMPILER) $(LINKER_OPTIONS) $(SPEEDY_OPTIONS) -o $(EXECUTABLE) $(OBJECT_FILE) $(SDW_LINKER_FLAGS) $(SDL_LINKER_FLAGS)
	./$(EXECUTABLE)

default: debug
#  Implicit rule search has not been done.
#  Modification time never checked.
#  File has not been updated.

# Not a target:
build/ModelTriangle.o:
#  Implicit rule search has not been done.
#  Modification time never checked.
#  File has not been updated.

# Not a target:
.DEFAULT:
#  Implicit rule search has not been done.
#  Modification time never checked.
#  File has not been updated.

# Not a target:
build/Colour.o:
#  Implicit rule search has not been done.
#  Modification time never checked.
#  File has not been updated.

clean:
#  Implicit rule search has not been done.
#  Modification time never checked.
#  File has not been updated.
#  recipe to execute (from 'Makefile', line 68):
	rm $(BUILD_DIR)/*

# Not a target:
build/TextureMap.o:
#  Implicit rule search has not been done.
#  Modification time never checked.
#  File has not been updated.

# Not a target:
build/TexturePoint.o:
#  Implicit rule search has not been done.
#  Modification time never checked.
#  File has not been updated.

# Not a target:
build/RayTriangleIntersection.o:
#  Implicit rule search has not been done.
#  Modification time never checked.
#  File has not been updated.

production: build/CanvasTriangle.o build/Colour.o build/Utils.o build/RayTriangleIntersection.o build/TextureMap.o build/TexturePoint.o build/DrawingWindow.o build/ModelTriangle.o build/CanvasPoint.o
#  Implicit rule search has not been done.
#  Modification time never checked.
#  File has not been updated.
#  recipe to execute (from 'Makefile', line 57):
	$(COMPILER) $(COMPILER_OPTIONS) -o $(OBJECT_FILE) $(SOURCE_FILE) $(SDL_COMPILER_FLAGS) $(SDW_COMPILER_FLAGS) $(GLM_COMPILER_FLAGS)
	$(COMPILER) $(LINKER_OPTIONS) -o $(EXECUTABLE) $(OBJECT_FILE) $(SDW_LINKER_FLAGS) $(SDL_LINKER_FLAGS)
	./$(EXECUTABLE)

diagnostic: build/CanvasTriangle.o build/Colour.o build/Utils.o build/RayTriangleIntersection.o build/TextureMap.o build/TexturePoint.o build/DrawingWindow.o build/ModelTriangle.o build/CanvasPoint.o
#  Implicit rule search has not been done.
#  Modification time never checked.
#  File has not been updated.
#  recipe to execute (from 'Makefile', line 45):
	$(COMPILER) $(COMPILER_OPTIONS) $(FUSSY_OPTIONS) $(SANITIZER_OPTIONS) -o $(OBJECT_FILE) $(SOURCE_FILE) $(SDL_COMPILER_FLAGS) $(SDW_COMPILER_FLAGS) $(GLM_COMPILER_FLAGS)
	$(COMPILER) $(LINKER_OPTIONS) $(FUSSY_OPTIONS) $(SANITIZER_OPTIONS) -o $(EXECUTABLE) $(OBJECT_FILE) $(SDW_LINKER_FLAGS) $(SDL_LINKER_FLAGS)
	./$(EXECUTABLE)

# Not a target:
build/DrawingWindow.o:
#  Implicit rule search has not been done.
#  Modification time never checked.
#  File has not been updated.

# Not a target:
build/Utils.o:
#  Implicit rule search has not been done.
#  Modification time never checked.
#  File has not been updated.

# files hash-table stats:
# Load=19/1024=2%, Rehash=0, Collisions=0/67=0%
# VPATH Search Paths

# No 'vpath' search paths.

# No general ('VPATH' variable) search path.

# strcache buffers: 1 (0) / strings = 57 / storage = 739 B / avg = 12 B
# current buf: size = 8162 B / used = 739 B / count = 57 / avg = 12 B

# strcache performance: lookups = 97 / hit rate = 41%
# hash-table stats:
# Load=57/8192=1%, Rehash=0, Collisions=2/97=2%
# Finished Make data base on Mon Nov 29 19:23:14 2021

 
